<?xml version="1.0" encoding="UTF-8"?>
<coverage generated="1763755273">
  <project timestamp="1763755273" name="Clover Coverage">
    <package name="Zen\Obsidian">
      <file name="/Users/vince/WWW/dais/obsidian/src/Billable.php">
        <class name="Zen\Obsidian\Billable" namespace="Zen\Obsidian">
          <metrics complexity="12" methods="8" coveredmethods="8" conditionals="0" coveredconditionals="0" statements="20" coveredstatements="20" elements="28" coveredelements="28"/>
        </class>
        <line num="23" type="method" name="subscriptions" visibility="public" complexity="1" crap="1" count="30"/>
        <line num="25" type="stmt" count="30"/>
        <line num="31" type="method" name="subscription" visibility="public" complexity="1" crap="1" count="6"/>
        <line num="33" type="stmt" count="6"/>
        <line num="39" type="method" name="subscribed" visibility="public" complexity="2" crap="2" count="2"/>
        <line num="41" type="stmt" count="2"/>
        <line num="43" type="stmt" count="2"/>
        <line num="49" type="method" name="onTrial" visibility="public" complexity="2" crap="2" count="1"/>
        <line num="51" type="stmt" count="1"/>
        <line num="53" type="stmt" count="1"/>
        <line num="59" type="method" name="onGenericTrial" visibility="public" complexity="2" crap="2" count="1"/>
        <line num="61" type="stmt" count="1"/>
        <line num="67" type="method" name="newSubscription" visibility="public" complexity="1" crap="1" count="13"/>
        <line num="69" type="stmt" count="13"/>
        <line num="75" type="method" name="charge" visibility="public" complexity="1" crap="1" count="1"/>
        <line num="77" type="stmt" count="1"/>
        <line num="79" type="stmt" count="1"/>
        <line num="80" type="stmt" count="1"/>
        <line num="81" type="stmt" count="1"/>
        <line num="82" type="stmt" count="1"/>
        <line num="83" type="stmt" count="1"/>
        <line num="84" type="stmt" count="1"/>
        <line num="90" type="method" name="updateDefaultPaymentMethod" visibility="public" complexity="2" crap="2" count="1"/>
        <line num="92" type="stmt" count="1"/>
        <line num="94" type="stmt" count="1"/>
        <line num="95" type="stmt" count="1"/>
        <line num="96" type="stmt" count="1"/>
        <line num="97" type="stmt" count="1"/>
        <metrics loc="101" ncloc="70" classes="1" methods="8" coveredmethods="8" conditionals="0" coveredconditionals="0" statements="20" coveredstatements="20" elements="28" coveredelements="28"/>
      </file>
      <file name="/Users/vince/WWW/dais/obsidian/src/GatewayFactory.php">
        <class name="Zen\Obsidian\GatewayFactory" namespace="Zen\Obsidian">
          <metrics complexity="8" methods="3" coveredmethods="3" conditionals="0" coveredconditionals="0" statements="16" coveredstatements="16" elements="19" coveredelements="19"/>
        </class>
        <line num="19" type="method" name="make" visibility="public" complexity="5" crap="5" count="21"/>
        <line num="21" type="stmt" count="21"/>
        <line num="22" type="stmt" count="2"/>
        <line num="23" type="stmt" count="2"/>
        <line num="24" type="stmt" count="16"/>
        <line num="25" type="stmt" count="21"/>
        <line num="26" type="stmt" count="21"/>
        <line num="32" type="method" name="default" visibility="public" complexity="1" crap="1" count="2"/>
        <line num="35" type="stmt" count="2"/>
        <line num="37" type="stmt" count="2"/>
        <line num="43" type="method" name="withFailover" visibility="public" complexity="2" crap="2" count="1"/>
        <line num="46" type="stmt" count="1"/>
        <line num="49" type="stmt" count="1"/>
        <line num="52" type="stmt" count="1"/>
        <line num="53" type="stmt" count="1"/>
        <line num="54" type="stmt" count="1"/>
        <line num="55" type="stmt" count="1"/>
        <line num="56" type="stmt" count="1"/>
        <line num="58" type="stmt" count="1"/>
        <metrics loc="62" ncloc="50" classes="1" methods="3" coveredmethods="3" conditionals="0" coveredconditionals="0" statements="16" coveredstatements="16" elements="19" coveredelements="19"/>
      </file>
      <file name="/Users/vince/WWW/dais/obsidian/src/Obsidian.php">
        <class name="Zen\Obsidian\Obsidian" namespace="Zen\Obsidian">
          <metrics complexity="9" methods="5" coveredmethods="5" conditionals="0" coveredconditionals="0" statements="19" coveredstatements="19" elements="24" coveredelements="24"/>
        </class>
        <line num="45" type="method" name="formatCurrencyUsing" visibility="public" complexity="1" crap="1" count="1"/>
        <line num="47" type="stmt" count="1"/>
        <line num="55" type="method" name="formatAmount" visibility="public" complexity="5" crap="5" count="6"/>
        <line num="57" type="stmt" count="6"/>
        <line num="59" type="stmt" count="1"/>
        <line num="61" type="stmt" count="1"/>
        <line num="65" type="stmt" count="5"/>
        <line num="66" type="stmt" count="5"/>
        <line num="68" type="stmt" count="5"/>
        <line num="69" type="stmt" count="1"/>
        <line num="72" type="stmt" count="5"/>
        <line num="75" type="stmt" count="5"/>
        <line num="77" type="stmt" count="5"/>
        <line num="79" type="stmt" count="5"/>
        <line num="81" type="stmt" count="1"/>
        <line num="84" type="stmt" count="5"/>
        <line num="86" type="stmt" count="5"/>
        <line num="92" type="method" name="keepPastDueSubscriptionsActive" visibility="public" complexity="1" crap="1" count="1"/>
        <line num="94" type="stmt" count="1"/>
        <line num="97" type="stmt" count="1"/>
        <line num="103" type="method" name="useCustomerModel" visibility="public" complexity="1" crap="1" count="1"/>
        <line num="105" type="stmt" count="1"/>
        <line num="111" type="method" name="useSubscriptionModel" visibility="public" complexity="1" crap="1" count="1"/>
        <line num="113" type="stmt" count="1"/>
        <metrics loc="116" ncloc="77" classes="1" methods="5" coveredmethods="5" conditionals="0" coveredconditionals="0" statements="19" coveredstatements="19" elements="24" coveredelements="24"/>
      </file>
      <file name="/Users/vince/WWW/dais/obsidian/src/ObsidianServiceProvider.php">
        <class name="Zen\Obsidian\ObsidianServiceProvider" namespace="Zen\Obsidian">
          <metrics complexity="8" methods="7" coveredmethods="7" conditionals="0" coveredconditionals="0" statements="23" coveredstatements="23" elements="30" coveredelements="30"/>
        </class>
        <line num="16" type="method" name="boot" visibility="public" complexity="1" crap="1" count="90"/>
        <line num="18" type="stmt" count="90"/>
        <line num="19" type="stmt" count="90"/>
        <line num="20" type="stmt" count="90"/>
        <line num="26" type="method" name="register" visibility="public" complexity="1" crap="1" count="90"/>
        <line num="28" type="stmt" count="90"/>
        <line num="29" type="stmt" count="90"/>
        <line num="35" type="method" name="configure" visibility="protected" complexity="1" crap="1" count="90"/>
        <line num="37" type="stmt" count="90"/>
        <line num="38" type="stmt" count="90"/>
        <line num="39" type="stmt" count="90"/>
        <line num="45" type="method" name="registerGateways" visibility="protected" complexity="1" crap="1" count="90"/>
        <line num="47" type="stmt" count="90"/>
        <line num="49" type="stmt" count="90"/>
        <line num="52" type="stmt" count="90"/>
        <line num="58" type="method" name="registerRoutes" visibility="protected" complexity="1" crap="1" count="90"/>
        <line num="61" type="stmt" count="90"/>
        <line num="67" type="method" name="registerResources" visibility="protected" complexity="1" crap="1" count="90"/>
        <line num="69" type="stmt" count="90"/>
        <line num="75" type="method" name="registerPublishing" visibility="protected" complexity="2" crap="2" count="90"/>
        <line num="77" type="stmt" count="90"/>
        <line num="78" type="stmt" count="90"/>
        <line num="79" type="stmt" count="90"/>
        <line num="80" type="stmt" count="90"/>
        <line num="82" type="stmt" count="90"/>
        <line num="83" type="stmt" count="90"/>
        <line num="84" type="stmt" count="90"/>
        <line num="86" type="stmt" count="90"/>
        <line num="87" type="stmt" count="90"/>
        <line num="88" type="stmt" count="90"/>
        <metrics loc="92" ncloc="69" classes="1" methods="7" coveredmethods="7" conditionals="0" coveredconditionals="0" statements="23" coveredstatements="23" elements="30" coveredelements="30"/>
      </file>
      <file name="/Users/vince/WWW/dais/obsidian/src/Subscription.php">
        <class name="Zen\Obsidian\Subscription" namespace="Zen\Obsidian">
          <metrics complexity="16" methods="8" coveredmethods="8" conditionals="0" coveredconditionals="0" statements="28" coveredstatements="28" elements="36" coveredelements="36"/>
        </class>
        <line num="56" type="method" name="user" visibility="public" complexity="1" crap="1" count="1"/>
        <line num="59" type="stmt" count="1"/>
        <line num="61" type="stmt" count="1"/>
        <line num="67" type="method" name="active" visibility="public" complexity="4" crap="4" count="3"/>
        <line num="69" type="stmt" count="3"/>
        <line num="70" type="stmt" count="1"/>
        <line num="73" type="stmt" count="3"/>
        <line num="79" type="method" name="onTrial" visibility="public" complexity="2" crap="2" count="2"/>
        <line num="81" type="stmt" count="2"/>
        <line num="87" type="method" name="cancelled" visibility="public" complexity="2" crap="2" count="2"/>
        <line num="89" type="stmt" count="2"/>
        <line num="95" type="method" name="expired" visibility="public" complexity="3" crap="3" count="4"/>
        <line num="97" type="stmt" count="4"/>
        <line num="103" type="method" name="cancel" visibility="public" complexity="2" crap="2" count="4"/>
        <line num="105" type="stmt" count="4"/>
        <line num="108" type="stmt" count="4"/>
        <line num="110" type="stmt" count="3"/>
        <line num="111" type="stmt" count="3"/>
        <line num="112" type="stmt" count="3"/>
        <line num="113" type="stmt" count="3"/>
        <line num="114" type="stmt" count="1"/>
        <line num="116" type="stmt" count="1"/>
        <line num="117" type="stmt" count="1"/>
        <line num="118" type="stmt" count="1"/>
        <line num="119" type="stmt" count="1"/>
        <line num="121" type="stmt" count="1"/>
        <line num="124" type="stmt" count="3"/>
        <line num="130" type="method" name="cancelNow" visibility="public" complexity="1" crap="1" count="2"/>
        <line num="132" type="stmt" count="2"/>
        <line num="134" type="stmt" count="2"/>
        <line num="135" type="stmt" count="2"/>
        <line num="136" type="stmt" count="2"/>
        <line num="137" type="stmt" count="2"/>
        <line num="139" type="stmt" count="2"/>
        <line num="145" type="method" name="getGateway" visibility="protected" complexity="1" crap="1" count="4"/>
        <line num="147" type="stmt" count="4"/>
        <metrics loc="150" ncloc="98" classes="1" methods="8" coveredmethods="8" conditionals="0" coveredconditionals="0" statements="28" coveredstatements="28" elements="36" coveredelements="36"/>
      </file>
      <file name="/Users/vince/WWW/dais/obsidian/src/SubscriptionBuilder.php">
        <class name="Zen\Obsidian\SubscriptionBuilder" namespace="Zen\Obsidian">
          <metrics complexity="7" methods="6" coveredmethods="6" conditionals="0" coveredconditionals="0" statements="30" coveredstatements="30" elements="36" coveredelements="36"/>
        </class>
        <line num="19" type="method" name="__construct" visibility="public" complexity="1" crap="1" count="13"/>
        <line num="22" type="stmt" count="13"/>
        <line num="23" type="stmt" count="13"/>
        <line num="29" type="method" name="trialDays" visibility="public" complexity="1" crap="1" count="2"/>
        <line num="31" type="stmt" count="2"/>
        <line num="33" type="stmt" count="2"/>
        <line num="39" type="method" name="gateway" visibility="public" complexity="1" crap="1" count="13"/>
        <line num="41" type="stmt" count="13"/>
        <line num="43" type="stmt" count="13"/>
        <line num="51" type="method" name="withMetadata" visibility="public" complexity="1" crap="1" count="1"/>
        <line num="53" type="stmt" count="1"/>
        <line num="55" type="stmt" count="1"/>
        <line num="63" type="method" name="create" visibility="public" complexity="2" crap="2" count="13"/>
        <line num="65" type="stmt" count="13"/>
        <line num="68" type="stmt" count="13"/>
        <line num="69" type="stmt" count="13"/>
        <line num="70" type="stmt" count="13"/>
        <line num="71" type="stmt" count="13"/>
        <line num="72" type="stmt" count="13"/>
        <line num="73" type="stmt" count="13"/>
        <line num="76" type="stmt" count="13"/>
        <line num="77" type="stmt" count="13"/>
        <line num="78" type="stmt" count="13"/>
        <line num="79" type="stmt" count="13"/>
        <line num="80" type="stmt" count="13"/>
        <line num="81" type="stmt" count="13"/>
        <line num="82" type="stmt" count="13"/>
        <line num="83" type="stmt" count="13"/>
        <line num="84" type="stmt" count="13"/>
        <line num="85" type="stmt" count="13"/>
        <line num="88" type="stmt" count="13"/>
        <line num="91" type="stmt" count="13"/>
        <line num="93" type="stmt" count="13"/>
        <line num="99" type="method" name="resolveGateway" visibility="protected" complexity="1" crap="1" count="13"/>
        <line num="102" type="stmt" count="13"/>
        <line num="104" type="stmt" count="13"/>
        <metrics loc="107" ncloc="80" classes="1" methods="6" coveredmethods="6" conditionals="0" coveredconditionals="0" statements="30" coveredstatements="30" elements="36" coveredelements="36"/>
      </file>
    </package>
    <package name="Zen\Obsidian\Events">
      <file name="/Users/vince/WWW/dais/obsidian/src/Events/PaymentFailed.php">
        <class name="Zen\Obsidian\Events\PaymentFailed" namespace="Zen\Obsidian\Events">
          <metrics complexity="1" methods="1" coveredmethods="1" conditionals="0" coveredconditionals="0" statements="1" coveredstatements="1" elements="2" coveredelements="2"/>
        </class>
        <line num="15" type="method" name="__construct" visibility="public" complexity="1" crap="1" count="3"/>
        <metrics loc="17" ncloc="17" classes="1" methods="1" coveredmethods="1" conditionals="0" coveredconditionals="0" statements="1" coveredstatements="1" elements="2" coveredelements="2"/>
      </file>
      <file name="/Users/vince/WWW/dais/obsidian/src/Events/PaymentSucceeded.php">
        <class name="Zen\Obsidian\Events\PaymentSucceeded" namespace="Zen\Obsidian\Events">
          <metrics complexity="1" methods="1" coveredmethods="1" conditionals="0" coveredconditionals="0" statements="1" coveredstatements="1" elements="2" coveredelements="2"/>
        </class>
        <line num="15" type="method" name="__construct" visibility="public" complexity="1" crap="1" count="5"/>
        <metrics loc="17" ncloc="17" classes="1" methods="1" coveredmethods="1" conditionals="0" coveredconditionals="0" statements="1" coveredstatements="1" elements="2" coveredelements="2"/>
      </file>
      <file name="/Users/vince/WWW/dais/obsidian/src/Events/SubscriptionCancelled.php">
        <class name="Zen\Obsidian\Events\SubscriptionCancelled" namespace="Zen\Obsidian\Events">
          <metrics complexity="1" methods="1" coveredmethods="1" conditionals="0" coveredconditionals="0" statements="1" coveredstatements="1" elements="2" coveredelements="2"/>
        </class>
        <line num="15" type="method" name="__construct" visibility="public" complexity="1" crap="1" count="5"/>
        <metrics loc="17" ncloc="17" classes="1" methods="1" coveredmethods="1" conditionals="0" coveredconditionals="0" statements="1" coveredstatements="1" elements="2" coveredelements="2"/>
      </file>
      <file name="/Users/vince/WWW/dais/obsidian/src/Events/SubscriptionCreated.php">
        <class name="Zen\Obsidian\Events\SubscriptionCreated" namespace="Zen\Obsidian\Events">
          <metrics complexity="1" methods="1" coveredmethods="1" conditionals="0" coveredconditionals="0" statements="1" coveredstatements="1" elements="2" coveredelements="2"/>
        </class>
        <line num="15" type="method" name="__construct" visibility="public" complexity="1" crap="1" count="3"/>
        <metrics loc="17" ncloc="17" classes="1" methods="1" coveredmethods="1" conditionals="0" coveredconditionals="0" statements="1" coveredstatements="1" elements="2" coveredelements="2"/>
      </file>
    </package>
    <package name="Zen\Obsidian\Exceptions">
      <file name="/Users/vince/WWW/dais/obsidian/src/Exceptions/InvalidGateway.php">
        <class name="Zen\Obsidian\Exceptions\InvalidGateway" namespace="Zen\Obsidian\Exceptions">
          <metrics complexity="1" methods="1" coveredmethods="1" conditionals="0" coveredconditionals="0" statements="1" coveredstatements="1" elements="2" coveredelements="2"/>
        </class>
        <line num="14" type="method" name="notSupported" visibility="public" complexity="1" crap="1" count="1"/>
        <line num="17" type="stmt" count="1"/>
        <metrics loc="20" ncloc="16" classes="1" methods="1" coveredmethods="1" conditionals="0" coveredconditionals="0" statements="1" coveredstatements="1" elements="2" coveredelements="2"/>
      </file>
      <file name="/Users/vince/WWW/dais/obsidian/src/Exceptions/WebhookValidationException.php">
        <class name="Zen\Obsidian\Exceptions\WebhookValidationException" namespace="Zen\Obsidian\Exceptions">
          <metrics complexity="1" methods="1" coveredmethods="1" conditionals="0" coveredconditionals="0" statements="1" coveredstatements="1" elements="2" coveredelements="2"/>
        </class>
        <line num="14" type="method" name="invalidSignature" visibility="public" complexity="1" crap="1" count="5"/>
        <line num="17" type="stmt" count="5"/>
        <metrics loc="20" ncloc="16" classes="1" methods="1" coveredmethods="1" conditionals="0" coveredconditionals="0" statements="1" coveredstatements="1" elements="2" coveredelements="2"/>
      </file>
    </package>
    <package name="Zen\Obsidian\Gateways">
      <file name="/Users/vince/WWW/dais/obsidian/src/Gateways/CcbillGateway.php">
        <class name="Zen\Obsidian\Gateways\CcbillGateway" namespace="Zen\Obsidian\Gateways">
          <metrics complexity="13" methods="8" coveredmethods="8" conditionals="0" coveredconditionals="0" statements="83" coveredstatements="83" elements="91" coveredelements="91"/>
        </class>
        <line num="24" type="method" name="__construct" visibility="public" complexity="1" crap="1" count="21"/>
        <line num="27" type="stmt" count="21"/>
        <line num="28" type="stmt" count="21"/>
        <line num="31" type="stmt" count="21"/>
        <line num="32" type="stmt" count="21"/>
        <line num="35" type="stmt" count="21"/>
        <line num="36" type="stmt" count="21"/>
        <line num="39" type="stmt" count="21"/>
        <line num="40" type="stmt" count="21"/>
        <line num="43" type="stmt" count="21"/>
        <line num="44" type="stmt" count="21"/>
        <line num="47" type="method" name="name" visibility="public" complexity="1" crap="1" count="1"/>
        <line num="49" type="stmt" count="1"/>
        <line num="55" type="method" name="getAccessToken" visibility="protected" complexity="2" crap="2" count="5"/>
        <line num="58" type="stmt" count="5"/>
        <line num="59" type="stmt" count="5"/>
        <line num="60" type="stmt" count="5"/>
        <line num="61" type="stmt" count="5"/>
        <line num="62" type="stmt" count="5"/>
        <line num="63" type="stmt" count="5"/>
        <line num="65" type="stmt" count="5"/>
        <line num="66" type="stmt" count="1"/>
        <line num="70" type="stmt" count="4"/>
        <line num="72" type="stmt" count="4"/>
        <line num="73" type="stmt" count="5"/>
        <line num="75" type="stmt" count="4"/>
        <line num="82" type="method" name="createSubscription" visibility="public" complexity="2" crap="2" count="3"/>
        <line num="85" type="stmt" count="3"/>
        <line num="88" type="stmt" count="3"/>
        <line num="91" type="stmt" count="3"/>
        <line num="94" type="stmt" count="3"/>
        <line num="97" type="stmt" count="3"/>
        <line num="98" type="stmt" count="3"/>
        <line num="99" type="stmt" count="3"/>
        <line num="100" type="stmt" count="3"/>
        <line num="101" type="stmt" count="3"/>
        <line num="102" type="stmt" count="3"/>
        <line num="103" type="stmt" count="3"/>
        <line num="104" type="stmt" count="3"/>
        <line num="106" type="stmt" count="2"/>
        <line num="107" type="stmt" count="1"/>
        <line num="111" type="stmt" count="1"/>
        <line num="113" type="stmt" count="1"/>
        <line num="114" type="stmt" count="1"/>
        <line num="115" type="stmt" count="1"/>
        <line num="116" type="stmt" count="1"/>
        <line num="117" type="stmt" count="1"/>
        <line num="118" type="stmt" count="1"/>
        <line num="119" type="stmt" count="1"/>
        <line num="120" type="stmt" count="1"/>
        <line num="123" type="method" name="cancelSubscription" visibility="public" complexity="1" crap="1" count="1"/>
        <line num="133" type="stmt" count="1"/>
        <line num="140" type="method" name="charge" visibility="public" complexity="2" crap="2" count="2"/>
        <line num="143" type="stmt" count="2"/>
        <line num="146" type="stmt" count="2"/>
        <line num="147" type="stmt" count="2"/>
        <line num="149" type="stmt" count="2"/>
        <line num="150" type="stmt" count="2"/>
        <line num="151" type="stmt" count="2"/>
        <line num="152" type="stmt" count="2"/>
        <line num="153" type="stmt" count="2"/>
        <line num="154" type="stmt" count="2"/>
        <line num="155" type="stmt" count="2"/>
        <line num="157" type="stmt" count="2"/>
        <line num="158" type="stmt" count="1"/>
        <line num="162" type="stmt" count="1"/>
        <line num="164" type="stmt" count="1"/>
        <line num="165" type="stmt" count="1"/>
        <line num="166" type="stmt" count="1"/>
        <line num="167" type="stmt" count="1"/>
        <line num="168" type="stmt" count="1"/>
        <line num="169" type="stmt" count="1"/>
        <line num="172" type="method" name="validateWebhookSignature" visibility="public" complexity="2" crap="2" count="10"/>
        <line num="175" type="stmt" count="10"/>
        <line num="176" type="stmt" count="10"/>
        <line num="178" type="stmt" count="10"/>
        <line num="179" type="stmt" count="2"/>
        <line num="182" type="stmt" count="8"/>
        <line num="189" type="method" name="parseWebhookPayload" visibility="public" complexity="2" crap="2" count="9"/>
        <line num="192" type="stmt" count="9"/>
        <line num="193" type="stmt" count="9"/>
        <line num="195" type="stmt" count="1"/>
        <line num="196" type="stmt" count="1"/>
        <line num="199" type="stmt" count="9"/>
        <line num="200" type="stmt" count="9"/>
        <line num="201" type="stmt" count="9"/>
        <line num="202" type="stmt" count="9"/>
        <line num="203" type="stmt" count="9"/>
        <line num="204" type="stmt" count="9"/>
        <line num="205" type="stmt" count="9"/>
        <line num="206" type="stmt" count="9"/>
        <metrics loc="209" ncloc="167" classes="1" methods="8" coveredmethods="8" conditionals="0" coveredconditionals="0" statements="83" coveredstatements="83" elements="91" coveredelements="91"/>
      </file>
      <file name="/Users/vince/WWW/dais/obsidian/src/Gateways/FakeGateway.php">
        <class name="Zen\Obsidian\Gateways\FakeGateway" namespace="Zen\Obsidian\Gateways">
          <metrics complexity="10" methods="8" coveredmethods="8" conditionals="0" coveredconditionals="0" statements="44" coveredstatements="44" elements="52" coveredelements="52"/>
        </class>
        <line num="15" type="method" name="name" visibility="public" complexity="1" crap="1" count="1"/>
        <line num="17" type="stmt" count="1"/>
        <line num="24" type="method" name="createSubscription" visibility="public" complexity="2" crap="2" count="16"/>
        <line num="26" type="stmt" count="16"/>
        <line num="27" type="stmt" count="16"/>
        <line num="30" type="stmt" count="16"/>
        <line num="32" type="stmt" count="16"/>
        <line num="33" type="stmt" count="16"/>
        <line num="34" type="stmt" count="16"/>
        <line num="35" type="stmt" count="16"/>
        <line num="36" type="stmt" count="16"/>
        <line num="37" type="stmt" count="16"/>
        <line num="38" type="stmt" count="16"/>
        <line num="40" type="stmt" count="16"/>
        <line num="41" type="stmt" count="16"/>
        <line num="42" type="stmt" count="16"/>
        <line num="43" type="stmt" count="16"/>
        <line num="44" type="stmt" count="16"/>
        <line num="45" type="stmt" count="16"/>
        <line num="48" type="method" name="cancelSubscription" visibility="public" complexity="2" crap="2" count="5"/>
        <line num="51" type="stmt" count="5"/>
        <line num="52" type="stmt" count="1"/>
        <line num="55" type="stmt" count="5"/>
        <line num="62" type="method" name="charge" visibility="public" complexity="1" crap="1" count="3"/>
        <line num="64" type="stmt" count="3"/>
        <line num="66" type="stmt" count="3"/>
        <line num="67" type="stmt" count="3"/>
        <line num="68" type="stmt" count="3"/>
        <line num="69" type="stmt" count="3"/>
        <line num="70" type="stmt" count="3"/>
        <line num="71" type="stmt" count="3"/>
        <line num="72" type="stmt" count="3"/>
        <line num="74" type="stmt" count="3"/>
        <line num="75" type="stmt" count="3"/>
        <line num="76" type="stmt" count="3"/>
        <line num="77" type="stmt" count="3"/>
        <line num="78" type="stmt" count="3"/>
        <line num="81" type="method" name="validateWebhookSignature" visibility="public" complexity="1" crap="1" count="1"/>
        <line num="84" type="stmt" count="1"/>
        <line num="91" type="method" name="parseWebhookPayload" visibility="public" complexity="1" crap="1" count="1"/>
        <line num="93" type="stmt" count="1"/>
        <line num="94" type="stmt" count="1"/>
        <line num="95" type="stmt" count="1"/>
        <line num="96" type="stmt" count="1"/>
        <line num="97" type="stmt" count="1"/>
        <line num="98" type="stmt" count="1"/>
        <line num="99" type="stmt" count="1"/>
        <line num="100" type="stmt" count="1"/>
        <line num="108" type="method" name="getSubscriptions" visibility="public" complexity="1" crap="1" count="2"/>
        <line num="110" type="stmt" count="2"/>
        <line num="118" type="method" name="getCharges" visibility="public" complexity="1" crap="1" count="1"/>
        <line num="120" type="stmt" count="1"/>
        <metrics loc="123" ncloc="96" classes="1" methods="8" coveredmethods="8" conditionals="0" coveredconditionals="0" statements="44" coveredstatements="44" elements="52" coveredelements="52"/>
      </file>
      <file name="/Users/vince/WWW/dais/obsidian/src/Gateways/SegpayGateway.php">
        <class name="Zen\Obsidian\Gateways\SegpayGateway" namespace="Zen\Obsidian\Gateways">
          <metrics complexity="12" methods="7" coveredmethods="7" conditionals="0" coveredconditionals="0" statements="79" coveredstatements="79" elements="86" coveredelements="86"/>
        </class>
        <line num="21" type="method" name="__construct" visibility="public" complexity="1" crap="1" count="20"/>
        <line num="24" type="stmt" count="20"/>
        <line num="25" type="stmt" count="20"/>
        <line num="28" type="stmt" count="20"/>
        <line num="29" type="stmt" count="20"/>
        <line num="32" type="stmt" count="20"/>
        <line num="33" type="stmt" count="20"/>
        <line num="36" type="stmt" count="20"/>
        <line num="37" type="stmt" count="20"/>
        <line num="40" type="method" name="name" visibility="public" complexity="1" crap="1" count="1"/>
        <line num="42" type="stmt" count="1"/>
        <line num="49" type="method" name="createSubscription" visibility="public" complexity="2" crap="2" count="2"/>
        <line num="52" type="stmt" count="2"/>
        <line num="55" type="stmt" count="2"/>
        <line num="58" type="stmt" count="2"/>
        <line num="61" type="stmt" count="2"/>
        <line num="62" type="stmt" count="2"/>
        <line num="63" type="stmt" count="2"/>
        <line num="64" type="stmt" count="2"/>
        <line num="65" type="stmt" count="2"/>
        <line num="66" type="stmt" count="2"/>
        <line num="67" type="stmt" count="2"/>
        <line num="68" type="stmt" count="2"/>
        <line num="69" type="stmt" count="2"/>
        <line num="70" type="stmt" count="2"/>
        <line num="72" type="stmt" count="2"/>
        <line num="73" type="stmt" count="1"/>
        <line num="77" type="stmt" count="1"/>
        <line num="79" type="stmt" count="1"/>
        <line num="80" type="stmt" count="1"/>
        <line num="81" type="stmt" count="1"/>
        <line num="82" type="stmt" count="1"/>
        <line num="83" type="stmt" count="1"/>
        <line num="84" type="stmt" count="1"/>
        <line num="85" type="stmt" count="1"/>
        <line num="86" type="stmt" count="1"/>
        <line num="89" type="method" name="cancelSubscription" visibility="public" complexity="2" crap="2" count="3"/>
        <line num="92" type="stmt" count="3"/>
        <line num="93" type="stmt" count="3"/>
        <line num="94" type="stmt" count="3"/>
        <line num="95" type="stmt" count="3"/>
        <line num="96" type="stmt" count="3"/>
        <line num="97" type="stmt" count="3"/>
        <line num="99" type="stmt" count="3"/>
        <line num="100" type="stmt" count="2"/>
        <line num="103" type="stmt" count="1"/>
        <line num="110" type="method" name="charge" visibility="public" complexity="2" crap="2" count="2"/>
        <line num="113" type="stmt" count="2"/>
        <line num="116" type="stmt" count="2"/>
        <line num="117" type="stmt" count="2"/>
        <line num="119" type="stmt" count="2"/>
        <line num="120" type="stmt" count="2"/>
        <line num="121" type="stmt" count="2"/>
        <line num="122" type="stmt" count="2"/>
        <line num="123" type="stmt" count="2"/>
        <line num="124" type="stmt" count="2"/>
        <line num="125" type="stmt" count="2"/>
        <line num="126" type="stmt" count="2"/>
        <line num="128" type="stmt" count="2"/>
        <line num="129" type="stmt" count="1"/>
        <line num="133" type="stmt" count="1"/>
        <line num="135" type="stmt" count="1"/>
        <line num="136" type="stmt" count="1"/>
        <line num="137" type="stmt" count="1"/>
        <line num="138" type="stmt" count="1"/>
        <line num="139" type="stmt" count="1"/>
        <line num="140" type="stmt" count="1"/>
        <line num="143" type="method" name="validateWebhookSignature" visibility="public" complexity="2" crap="2" count="9"/>
        <line num="146" type="stmt" count="9"/>
        <line num="147" type="stmt" count="9"/>
        <line num="149" type="stmt" count="9"/>
        <line num="150" type="stmt" count="2"/>
        <line num="153" type="stmt" count="7"/>
        <line num="160" type="method" name="parseWebhookPayload" visibility="public" complexity="2" crap="2" count="8"/>
        <line num="163" type="stmt" count="8"/>
        <line num="164" type="stmt" count="8"/>
        <line num="166" type="stmt" count="3"/>
        <line num="167" type="stmt" count="3"/>
        <line num="170" type="stmt" count="8"/>
        <line num="171" type="stmt" count="8"/>
        <line num="172" type="stmt" count="8"/>
        <line num="173" type="stmt" count="8"/>
        <line num="174" type="stmt" count="8"/>
        <line num="175" type="stmt" count="8"/>
        <line num="176" type="stmt" count="8"/>
        <line num="177" type="stmt" count="8"/>
        <metrics loc="180" ncloc="151" classes="1" methods="7" coveredmethods="7" conditionals="0" coveredconditionals="0" statements="79" coveredstatements="79" elements="86" coveredelements="86"/>
      </file>
    </package>
    <file name="/Users/vince/WWW/dais/obsidian/src/Gateways/PaymentGatewayInterface.php">
      <metrics loc="48" ncloc="21" classes="0" methods="0" coveredmethods="0" conditionals="0" coveredconditionals="0" statements="0" coveredstatements="0" elements="0" coveredelements="0"/>
    </file>
    <package name="Zen\Obsidian\Http\Controllers">
      <file name="/Users/vince/WWW/dais/obsidian/src/Http/Controllers/CcbillWebhookController.php">
        <class name="Zen\Obsidian\Http\Controllers\CcbillWebhookController" namespace="Zen\Obsidian\Http\Controllers">
          <metrics complexity="21" methods="7" coveredmethods="7" conditionals="0" coveredconditionals="0" statements="65" coveredstatements="65" elements="72" coveredelements="72"/>
        </class>
        <line num="21" type="method" name="handleWebhook" visibility="public" complexity="9" crap="9" count="8"/>
        <line num="24" type="stmt" count="8"/>
        <line num="28" type="stmt" count="8"/>
        <line num="29" type="stmt" count="8"/>
        <line num="32" type="stmt" count="8"/>
        <line num="33" type="stmt" count="1"/>
        <line num="34" type="stmt" count="1"/>
        <line num="38" type="stmt" count="7"/>
        <line num="41" type="stmt" count="7"/>
        <line num="42" type="stmt" count="1"/>
        <line num="43" type="stmt" count="1"/>
        <line num="44" type="stmt" count="1"/>
        <line num="45" type="stmt" count="1"/>
        <line num="46" type="stmt" count="1"/>
        <line num="47" type="stmt" count="1"/>
        <line num="48" type="stmt" count="7"/>
        <line num="49" type="stmt" count="7"/>
        <line num="55" type="method" name="handleNewSale" visibility="protected" complexity="2" crap="2" count="1"/>
        <line num="57" type="stmt" count="1"/>
        <line num="59" type="stmt" count="1"/>
        <line num="60" type="stmt" count="1"/>
        <line num="61" type="stmt" count="1"/>
        <line num="62" type="stmt" count="1"/>
        <line num="64" type="stmt" count="1"/>
        <line num="67" type="stmt" count="1"/>
        <line num="68" type="stmt" count="1"/>
        <line num="71" type="stmt" count="1"/>
        <line num="77" type="method" name="handleRenewal" visibility="protected" complexity="2" crap="2" count="1"/>
        <line num="79" type="stmt" count="1"/>
        <line num="81" type="stmt" count="1"/>
        <line num="82" type="stmt" count="1"/>
        <line num="83" type="stmt" count="1"/>
        <line num="84" type="stmt" count="1"/>
        <line num="85" type="stmt" count="1"/>
        <line num="88" type="stmt" count="1"/>
        <line num="89" type="stmt" count="1"/>
        <line num="92" type="stmt" count="1"/>
        <line num="98" type="method" name="handleRenewalFailure" visibility="protected" complexity="2" crap="2" count="1"/>
        <line num="100" type="stmt" count="1"/>
        <line num="102" type="stmt" count="1"/>
        <line num="103" type="stmt" count="1"/>
        <line num="104" type="stmt" count="1"/>
        <line num="105" type="stmt" count="1"/>
        <line num="108" type="stmt" count="1"/>
        <line num="109" type="stmt" count="1"/>
        <line num="112" type="stmt" count="1"/>
        <line num="118" type="method" name="handleCancellation" visibility="protected" complexity="2" crap="2" count="1"/>
        <line num="120" type="stmt" count="1"/>
        <line num="122" type="stmt" count="1"/>
        <line num="123" type="stmt" count="1"/>
        <line num="124" type="stmt" count="1"/>
        <line num="125" type="stmt" count="1"/>
        <line num="126" type="stmt" count="1"/>
        <line num="128" type="stmt" count="1"/>
        <line num="131" type="stmt" count="1"/>
        <line num="137" type="method" name="handleChargeback" visibility="protected" complexity="2" crap="2" count="1"/>
        <line num="139" type="stmt" count="1"/>
        <line num="141" type="stmt" count="1"/>
        <line num="142" type="stmt" count="1"/>
        <line num="143" type="stmt" count="1"/>
        <line num="144" type="stmt" count="1"/>
        <line num="145" type="stmt" count="1"/>
        <line num="147" type="stmt" count="1"/>
        <line num="150" type="stmt" count="1"/>
        <line num="156" type="method" name="handleRefund" visibility="protected" complexity="2" crap="2" count="1"/>
        <line num="158" type="stmt" count="1"/>
        <line num="160" type="stmt" count="1"/>
        <line num="162" type="stmt" count="1"/>
        <line num="163" type="stmt" count="1"/>
        <line num="164" type="stmt" count="1"/>
        <line num="165" type="stmt" count="1"/>
        <line num="168" type="stmt" count="1"/>
        <metrics loc="171" ncloc="144" classes="1" methods="7" coveredmethods="7" conditionals="0" coveredconditionals="0" statements="65" coveredstatements="65" elements="72" coveredelements="72"/>
      </file>
      <file name="/Users/vince/WWW/dais/obsidian/src/Http/Controllers/SegpayWebhookController.php">
        <class name="Zen\Obsidian\Http\Controllers\SegpayWebhookController" namespace="Zen\Obsidian\Http\Controllers">
          <metrics complexity="18" methods="6" coveredmethods="6" conditionals="0" coveredconditionals="0" statements="57" coveredstatements="57" elements="63" coveredelements="63"/>
        </class>
        <line num="21" type="method" name="handleWebhook" visibility="public" complexity="8" crap="8" count="7"/>
        <line num="24" type="stmt" count="7"/>
        <line num="28" type="stmt" count="7"/>
        <line num="29" type="stmt" count="7"/>
        <line num="32" type="stmt" count="7"/>
        <line num="33" type="stmt" count="1"/>
        <line num="34" type="stmt" count="1"/>
        <line num="38" type="stmt" count="6"/>
        <line num="41" type="stmt" count="6"/>
        <line num="42" type="stmt" count="1"/>
        <line num="43" type="stmt" count="1"/>
        <line num="44" type="stmt" count="1"/>
        <line num="45" type="stmt" count="1"/>
        <line num="46" type="stmt" count="1"/>
        <line num="47" type="stmt" count="6"/>
        <line num="48" type="stmt" count="6"/>
        <line num="54" type="method" name="handleInitial" visibility="protected" complexity="2" crap="2" count="1"/>
        <line num="56" type="stmt" count="1"/>
        <line num="58" type="stmt" count="1"/>
        <line num="59" type="stmt" count="1"/>
        <line num="60" type="stmt" count="1"/>
        <line num="61" type="stmt" count="1"/>
        <line num="63" type="stmt" count="1"/>
        <line num="66" type="stmt" count="1"/>
        <line num="67" type="stmt" count="1"/>
        <line num="70" type="stmt" count="1"/>
        <line num="76" type="method" name="handleRebill" visibility="protected" complexity="2" crap="2" count="1"/>
        <line num="78" type="stmt" count="1"/>
        <line num="80" type="stmt" count="1"/>
        <line num="81" type="stmt" count="1"/>
        <line num="82" type="stmt" count="1"/>
        <line num="83" type="stmt" count="1"/>
        <line num="84" type="stmt" count="1"/>
        <line num="87" type="stmt" count="1"/>
        <line num="88" type="stmt" count="1"/>
        <line num="91" type="stmt" count="1"/>
        <line num="97" type="method" name="handleDecline" visibility="protected" complexity="2" crap="2" count="1"/>
        <line num="99" type="stmt" count="1"/>
        <line num="101" type="stmt" count="1"/>
        <line num="102" type="stmt" count="1"/>
        <line num="103" type="stmt" count="1"/>
        <line num="104" type="stmt" count="1"/>
        <line num="107" type="stmt" count="1"/>
        <line num="108" type="stmt" count="1"/>
        <line num="111" type="stmt" count="1"/>
        <line num="117" type="method" name="handleCancel" visibility="protected" complexity="2" crap="2" count="1"/>
        <line num="119" type="stmt" count="1"/>
        <line num="121" type="stmt" count="1"/>
        <line num="122" type="stmt" count="1"/>
        <line num="123" type="stmt" count="1"/>
        <line num="124" type="stmt" count="1"/>
        <line num="125" type="stmt" count="1"/>
        <line num="127" type="stmt" count="1"/>
        <line num="130" type="stmt" count="1"/>
        <line num="136" type="method" name="handleChargeback" visibility="protected" complexity="2" crap="2" count="1"/>
        <line num="138" type="stmt" count="1"/>
        <line num="140" type="stmt" count="1"/>
        <line num="141" type="stmt" count="1"/>
        <line num="142" type="stmt" count="1"/>
        <line num="143" type="stmt" count="1"/>
        <line num="144" type="stmt" count="1"/>
        <line num="146" type="stmt" count="1"/>
        <line num="149" type="stmt" count="1"/>
        <metrics loc="152" ncloc="129" classes="1" methods="6" coveredmethods="6" conditionals="0" coveredconditionals="0" statements="57" coveredstatements="57" elements="63" coveredelements="63"/>
      </file>
    </package>
    <package name="Zen\Obsidian\Http\Middleware">
      <file name="/Users/vince/WWW/dais/obsidian/src/Http/Middleware/VerifyRedirectUrl.php">
        <class name="Zen\Obsidian\Http\Middleware\VerifyRedirectUrl" namespace="Zen\Obsidian\Http\Middleware">
          <metrics complexity="5" methods="1" coveredmethods="1" conditionals="0" coveredconditionals="0" statements="9" coveredstatements="9" elements="10" coveredelements="10"/>
        </class>
        <line num="19" type="method" name="handle" visibility="public" complexity="5" crap="5" count="5"/>
        <line num="22" type="stmt" count="5"/>
        <line num="24" type="stmt" count="5"/>
        <line num="25" type="stmt" count="1"/>
        <line num="28" type="stmt" count="4"/>
        <line num="29" type="stmt" count="3"/>
        <line num="32" type="stmt" count="1"/>
        <line num="36" type="stmt" count="4"/>
        <line num="38" type="stmt" count="4"/>
        <line num="40" type="stmt" count="3"/>
        <metrics loc="43" ncloc="34" classes="1" methods="1" coveredmethods="1" conditionals="0" coveredconditionals="0" statements="9" coveredstatements="9" elements="10" coveredelements="10"/>
      </file>
    </package>
    <metrics files="19" loc="1662" ncloc="1286" classes="18" methods="80" coveredmethods="80" conditionals="0" coveredconditionals="0" statements="479" coveredstatements="479" elements="559" coveredelements="559"/>
  </project>
</coverage>
